00:00:00.000269 main     VirtualBox XPCOM Server 7.1.10 r169112 linux.amd64 (Jun  3 2025 19:52:37) release log
00:00:00.000271 main     Log opened 2025-06-27T18:45:20.214751000Z
00:00:00.000271 main     Build Type: release
00:00:00.000273 main     OS Product: Linux
00:00:00.000274 main     OS Release: 6.15.2-arch1-1
00:00:00.000275 main     OS Version: #1 SMP PREEMPT_DYNAMIC Tue, 10 Jun 2025 21:32:33 +0000
00:00:00.000292 main     DMI Product Name: Latitude 7490
00:00:00.000300 main     DMI Product Version: 
00:00:00.000304 main     Firmware type: UEFI
00:00:00.000579 main     Secure Boot: Disabled
00:00:00.000609 main     Host RAM: 15846MB (15.4GB) total, 13965MB (13.6GB) available
00:00:00.000611 main     Executable: /usr/lib/virtualbox/VBoxSVC
00:00:00.000612 main     Process ID: 3150
00:00:00.000612 main     Package type: LINUX_64BITS_GENERIC (OSE)
00:00:00.002116 main     IPC socket path: /tmp/.vbox-dizzy-ipc/ipcd
00:00:00.012070 DCon01   VirtualBox: object creation starts
00:00:00.012127 DCon01   Home directory: '/home/dizzy/.config/VirtualBox'
00:00:00.012219 DCon01   Loading settings file "/home/dizzy/.config/VirtualBox/VirtualBox.xml" with version "1.12-linux"
00:00:00.015446 DCon01   Failed to retrive disk info: getDiskName(/dev/mapper/luks-6f86a438-6b07-4dd6-9ef2-3ea2838dd341) --> luks-6f86a438-6b07-4dd6-9ef2-3ea2838dd341
00:00:00.035040 DCon01   NetIfAdpCtlOut: VBoxNetAdpCtl: Error while retrieving link speed for wlan0: VBoxNetAdpCtl: ioctl failed: Operation not supported
00:00:00.035873 DCon01   HostDnsMonitor: initializing
00:00:00.036127 DCon01   NAT: resolv.conf: nameserver 10.64.0.1
00:00:00.036140 DCon01   HostDnsMonitor: updating information
00:00:00.036148 DCon01   HostDnsMonitor: old information
00:00:00.036149 DCon01     no server entries
00:00:00.036151 DCon01     no domain set
00:00:00.036152 DCon01     no search string entries
00:00:00.036153 DCon01   HostDnsMonitor: new information
00:00:00.036155 DCon01     server 1: 10.64.0.1
00:00:00.036156 DCon01     no domain set
00:00:00.036158 DCon01     no search string entries
00:00:00.037570 DCon01   VD: VDInit finished with VINF_SUCCESS
00:00:00.037631 DCon01   ERROR [COM]: aRC=NS_ERROR_FAILURE (0x80004005) aIID={925084b0-625f-422f-a67d-0ede1880a56c} aComponent={SystemPropertiesWrap} aText={Cannot determine default Guest Additions ISO location. Most likely they are not available}, preserve=false aResultDetail=0
00:00:00.038058 DCon01   Platform architecture set to 'x86'
00:00:00.038346 DCon01   Loading settings file "/home/dizzy/VirtualBox VMs/Kali Linux/Kali Linux.vbox" with version "1.19-linux"
00:00:00.038489 DCon01   Platform architecture set to 'x86'
00:00:00.038609 DCon01   Platform architecture set to 'x86'
00:00:00.038776 DCon01   Loading settings file "/home/dizzy/VirtualBox VMs/Ubuntu_Signal_1/Ubuntu_Signal_1.vbox" with version "1.19-linux"
00:00:00.038891 DCon01   Platform architecture set to 'x86'
00:00:00.039348 DCon01   VirtualBox: object created
00:00:00.599862 DCon05   WARNING [COM]: aRC=NS_ERROR_FAILURE (0x80004005) aIID={d5dcece0-b202-4416-a138-03502784cc07} aComponent={HostWrap} aText={VirtualBox is not currently allowed to access USB devices.  You can change this by adding your user to the 'vboxusers' group.  Please see the user manual for a more detailed explanation}, preserve=true aResultDetail=0
00:00:00.604147 DCon05   WARNING [COM]: aRC=NS_ERROR_FAILURE (0x80004005) aIID={d5dcece0-b202-4416-a138-03502784cc07} aComponent={HostWrap} aText={VirtualBox is not currently allowed to access USB devices.  You can change this by adding your user to the 'vboxusers' group.  Please see the user manual for a more detailed explanation}, preserve=false aResultDetail=0
00:00:00.695699 DCon04   ERROR [COM]: aRC=VBOX_E_OBJECT_NOT_FOUND (0x80bb0001) aIID={5bfd8965-b81b-469f-8649-f717ce97a5d5} aComponent={NvramStoreWrap} aText={The UEFI NVRAM file is not existing for this machine}, preserve=false aResultDetail=0
00:00:00.860478 DCon04   ERROR [COM]: aRC=VBOX_E_INVALID_VM_STATE (0x80bb0002) aIID={e36a5081-a82a-40bd-9e4e-42a44d6ce50f} aComponent={MachineWrap} aText={The machine is not mutable, saved or running (state is Saved)}, preserve=false aResultDetail=0
00:00:00.936265 DCon04   WARNING [COM]: aRC=NS_ERROR_FAILURE (0x80004005) aIID={d5dcece0-b202-4416-a138-03502784cc07} aComponent={HostWrap} aText={VirtualBox is not currently allowed to access USB devices.  You can change this by adding your user to the 'vboxusers' group.  Please see the user manual for a more detailed explanation}, preserve=true aResultDetail=0
00:00:00.937485 DCon04   WARNING [COM]: aRC=NS_ERROR_FAILURE (0x80004005) aIID={d5dcece0-b202-4416-a138-03502784cc07} aComponent={HostWrap} aText={VirtualBox is not currently allowed to access USB devices.  You can change this by adding your user to the 'vboxusers' group.  Please see the user manual for a more detailed explanation}, preserve=true aResultDetail=0
00:00:01.029383 DCon04   Saving settings file "/home/dizzy/.config/VirtualBox/VirtualBox.xml" with version "1.12-linux"
00:00:01.040135 DCon04   Finished saving settings file "/home/dizzy/.config/VirtualBox/VirtualBox.xml"
00:00:04.409606 DCon05   WARNING [COM]: aRC=NS_ERROR_FAILURE (0x80004005) aIID={d5dcece0-b202-4416-a138-03502784cc07} aComponent={HostWrap} aText={VirtualBox is not currently allowed to access USB devices.  You can change this by adding your user to the 'vboxusers' group.  Please see the user manual for a more detailed explanation}, preserve=true aResultDetail=0
00:00:04.864024 DCon03   Platform architecture set to 'x86'
00:00:04.866648 DCon03   ERROR [COM]: aRC=VBOX_E_OBJECT_NOT_FOUND (0x80bb0001) aIID={5bfd8965-b81b-469f-8649-f717ce97a5d5} aComponent={NvramStoreWrap} aText={The UEFI NVRAM file is not existing for this machine}, preserve=false aResultDetail=0
00:00:04.898904 DCon03   NetIfAdpCtlOut: VBoxNetAdpCtl: Error while retrieving link speed for wlan0: VBoxNetAdpCtl: ioctl failed: Operation not supported
00:00:04.926268 DCon03   NetIfAdpCtlOut: VBoxNetAdpCtl: Error while retrieving link speed for wlan0: VBoxNetAdpCtl: ioctl failed: Operation not supported
00:00:04.936004 DCon03   WARNING [COM]: aRC=NS_ERROR_FAILURE (0x80004005) aIID={d5dcece0-b202-4416-a138-03502784cc07} aComponent={HostWrap} aText={VirtualBox is not currently allowed to access USB devices.  You can change this by adding your user to the 'vboxusers' group.  Please see the user manual for a more detailed explanation}, preserve=true aResultDetail=0
00:00:04.936336 DCon01   WARNING [COM]: aRC=NS_ERROR_FAILURE (0x80004005) aIID={d5dcece0-b202-4416-a138-03502784cc07} aComponent={HostWrap} aText={VirtualBox is not currently allowed to access USB devices.  You can change this by adding your user to the 'vboxusers' group.  Please see the user manual for a more detailed explanation}, preserve=true aResultDetail=0
00:00:06.625293 DCon05   Saving settings file "/home/dizzy/.config/VirtualBox/VirtualBox.xml" with version "1.12-linux"
00:00:06.633104 DCon05   Finished saving settings file "/home/dizzy/.config/VirtualBox/VirtualBox.xml"
00:00:08.090594 DCon05   ERROR [COM]: aRC=VBOX_E_OBJECT_NOT_FOUND (0x80bb0001) aIID={5bfd8965-b81b-469f-8649-f717ce97a5d5} aComponent={NvramStoreWrap} aText={The UEFI NVRAM file is not existing for this machine}, preserve=false aResultDetail=0
00:00:08.106751 DCon05   ERROR [COM]: aRC=VBOX_E_INVALID_VM_STATE (0x80bb0002) aIID={e36a5081-a82a-40bd-9e4e-42a44d6ce50f} aComponent={MachineWrap} aText={The machine is not mutable, saved or running (state is Saved)}, preserve=false aResultDetail=0
00:00:08.115310 DCon05   WARNING [COM]: aRC=NS_ERROR_FAILURE (0x80004005) aIID={d5dcece0-b202-4416-a138-03502784cc07} aComponent={HostWrap} aText={VirtualBox is not currently allowed to access USB devices.  You can change this by adding your user to the 'vboxusers' group.  Please see the user manual for a more detailed explanation}, preserve=true aResultDetail=0
00:00:08.116327 DCon05   WARNING [COM]: aRC=NS_ERROR_FAILURE (0x80004005) aIID={d5dcece0-b202-4416-a138-03502784cc07} aComponent={HostWrap} aText={VirtualBox is not currently allowed to access USB devices.  You can change this by adding your user to the 'vboxusers' group.  Please see the user manual for a more detailed explanation}, preserve=true aResultDetail=0
00:00:12.091133 DCon05   Platform architecture set to 'x86'
00:00:12.166661 DCon04   WARNING [COM]: aRC=NS_ERROR_FAILURE (0x80004005) aIID={d5dcece0-b202-4416-a138-03502784cc07} aComponent={HostWrap} aText={VirtualBox is not currently allowed to access USB devices.  You can change this by adding your user to the 'vboxusers' group.  Please see the user manual for a more detailed explanation}, preserve=true aResultDetail=0
00:00:12.167415 DCon04   Saving settings file "/home/dizzy/VirtualBox VMs/Ubuntu_Signal_1/Ubuntu_Signal_1.vbox" with version "1.19-linux"
00:00:12.185111 DCon04   Finished saving settings file "/home/dizzy/VirtualBox VMs/Ubuntu_Signal_1/Ubuntu_Signal_1.vbox"
00:00:12.300240 DCon05   ERROR [COM]: aRC=VBOX_E_OBJECT_NOT_FOUND (0x80bb0001) aIID={5bfd8965-b81b-469f-8649-f717ce97a5d5} aComponent={NvramStoreWrap} aText={The UEFI NVRAM file is not existing for this machine}, preserve=false aResultDetail=0
00:00:12.318166 DCon05   ERROR [COM]: aRC=VBOX_E_INVALID_VM_STATE (0x80bb0002) aIID={e36a5081-a82a-40bd-9e4e-42a44d6ce50f} aComponent={MachineWrap} aText={The machine is not mutable, saved or running (state is Saved)}, preserve=false aResultDetail=0
00:00:12.328749 DCon05   WARNING [COM]: aRC=NS_ERROR_FAILURE (0x80004005) aIID={d5dcece0-b202-4416-a138-03502784cc07} aComponent={HostWrap} aText={VirtualBox is not currently allowed to access USB devices.  You can change this by adding your user to the 'vboxusers' group.  Please see the user manual for a more detailed explanation}, preserve=true aResultDetail=0
00:00:12.329754 DCon05   WARNING [COM]: aRC=NS_ERROR_FAILURE (0x80004005) aIID={d5dcece0-b202-4416-a138-03502784cc07} aComponent={HostWrap} aText={VirtualBox is not currently allowed to access USB devices.  You can change this by adding your user to the 'vboxusers' group.  Please see the user manual for a more detailed explanation}, preserve=true aResultDetail=0
00:00:12.562513 DCon05   Saving settings file "/home/dizzy/.config/VirtualBox/VirtualBox.xml" with version "1.12-linux"
00:00:12.569988 DCon05   Finished saving settings file "/home/dizzy/.config/VirtualBox/VirtualBox.xml"
00:00:15.271697 DCon04   Launched VM: 1879065648 pid: 3213 (0xc8d) frontend: GUI/Qt name: Ubuntu_Signal_1
00:00:15.299863 DCon01   ERROR [COM]: aRC=VBOX_E_OBJECT_NOT_FOUND (0x80bb0001) aIID={5bfd8965-b81b-469f-8649-f717ce97a5d5} aComponent={NvramStoreWrap} aText={The UEFI NVRAM file is not existing for this machine}, preserve=false aResultDetail=0
00:00:15.323700 DCon01   ERROR [COM]: aRC=VBOX_E_INVALID_VM_STATE (0x80bb0002) aIID={e36a5081-a82a-40bd-9e4e-42a44d6ce50f} aComponent={MachineWrap} aText={The machine is not mutable, saved or running (state is Saved)}, preserve=false aResultDetail=0
00:00:15.334461 DCon01   WARNING [COM]: aRC=NS_ERROR_FAILURE (0x80004005) aIID={d5dcece0-b202-4416-a138-03502784cc07} aComponent={HostWrap} aText={VirtualBox is not currently allowed to access USB devices.  You can change this by adding your user to the 'vboxusers' group.  Please see the user manual for a more detailed explanation}, preserve=true aResultDetail=0
00:00:15.335349 DCon01   WARNING [COM]: aRC=NS_ERROR_FAILURE (0x80004005) aIID={d5dcece0-b202-4416-a138-03502784cc07} aComponent={HostWrap} aText={VirtualBox is not currently allowed to access USB devices.  You can change this by adding your user to the 'vboxusers' group.  Please see the user manual for a more detailed explanation}, preserve=true aResultDetail=0
00:00:15.508244 DCon07   Platform architecture set to 'x86'
00:00:15.521575 DCon09   ERROR [COM]: aRC=VBOX_E_OBJECT_NOT_FOUND (0x80bb0001) aIID={5bfd8965-b81b-469f-8649-f717ce97a5d5} aComponent={NvramStoreWrap} aText={The UEFI NVRAM file is not existing for this machine}, preserve=false aResultDetail=0
00:00:15.536722 DCon09   ERROR [COM]: aRC=VBOX_E_INVALID_VM_STATE (0x80bb0002) aIID={e36a5081-a82a-40bd-9e4e-42a44d6ce50f} aComponent={MachineWrap} aText={The machine is not mutable, saved or running (state is Saved)}, preserve=false aResultDetail=0
00:00:15.546082 DCon09   WARNING [COM]: aRC=NS_ERROR_FAILURE (0x80004005) aIID={d5dcece0-b202-4416-a138-03502784cc07} aComponent={HostWrap} aText={VirtualBox is not currently allowed to access USB devices.  You can change this by adding your user to the 'vboxusers' group.  Please see the user manual for a more detailed explanation}, preserve=true aResultDetail=0
00:00:15.547035 DCon09   WARNING [COM]: aRC=NS_ERROR_FAILURE (0x80004005) aIID={d5dcece0-b202-4416-a138-03502784cc07} aComponent={HostWrap} aText={VirtualBox is not currently allowed to access USB devices.  You can change this by adding your user to the 'vboxusers' group.  Please see the user manual for a more detailed explanation}, preserve=true aResultDetail=0
00:00:15.970136 DCon09   WARNING [COM]: aRC=NS_ERROR_FAILURE (0x80004005) aIID={d5dcece0-b202-4416-a138-03502784cc07} aComponent={HostWrap} aText={VirtualBox is not currently allowed to access USB devices.  You can change this by adding your user to the 'vboxusers' group.  Please see the user manual for a more detailed explanation}, preserve=true aResultDetail=0
00:00:15.970876 DCon09   WARNING [COM]: aRC=NS_ERROR_FAILURE (0x80004005) aIID={d5dcece0-b202-4416-a138-03502784cc07} aComponent={HostWrap} aText={VirtualBox is not currently allowed to access USB devices.  You can change this by adding your user to the 'vboxusers' group.  Please see the user manual for a more detailed explanation}, preserve=true aResultDetail=0
00:00:15.971134 DCon09   ERROR [COM]: aRC=VBOX_E_OBJECT_NOT_FOUND (0x80bb0001) aIID={70401eef-c8e9-466b-9660-45cb3e9979e4} aComponent={ExtPackManagerWrap} aText={No extension pack by the name 'Oracle VirtualBox Extension Pack' was found}, preserve=false aResultDetail=0
00:00:18.918533 DCon09   WARNING [COM]: aRC=NS_ERROR_FAILURE (0x80004005) aIID={d5dcece0-b202-4416-a138-03502784cc07} aComponent={HostWrap} aText={VirtualBox is not currently allowed to access USB devices.  You can change this by adding your user to the 'vboxusers' group.  Please see the user manual for a more detailed explanation}, preserve=true aResultDetail=0
00:00:18.919621 DCon09   WARNING [COM]: aRC=NS_ERROR_FAILURE (0x80004005) aIID={d5dcece0-b202-4416-a138-03502784cc07} aComponent={HostWrap} aText={VirtualBox is not currently allowed to access USB devices.  You can change this by adding your user to the 'vboxusers' group.  Please see the user manual for a more detailed explanation}, preserve=true aResultDetail=0
00:00:18.924809 DCon09   ERROR [COM]: aRC=NS_ERROR_FAILURE (0x80004005) aIID={bea3ef5c-de2f-4b74-aa3a-15d6249371a0} aComponent={RecordingSettingsWrap} aText={Recording not started}, preserve=false aResultDetail=0
00:00:18.958284 DCon01   Saving settings file "/home/dizzy/VirtualBox VMs/Ubuntu_Signal_1/Ubuntu_Signal_1.vbox" with version "1.19-linux"
00:00:18.966502 DCon01   Finished saving settings file "/home/dizzy/VirtualBox VMs/Ubuntu_Signal_1/Ubuntu_Signal_1.vbox"
00:00:18.968007 DCon01   WARNING [COM]: aRC=NS_ERROR_FAILURE (0x80004005) aIID={d5dcece0-b202-4416-a138-03502784cc07} aComponent={HostWrap} aText={VirtualBox is not currently allowed to access USB devices.  You can change this by adding your user to the 'vboxusers' group.  Please see the user manual for a more detailed explanation}, preserve=false aResultDetail=0
00:00:18.969768 DCon09   WARNING [COM]: aRC=NS_ERROR_FAILURE (0x80004005) aIID={d5dcece0-b202-4416-a138-03502784cc07} aComponent={HostWrap} aText={VirtualBox is not currently allowed to access USB devices.  You can change this by adding your user to the 'vboxusers' group.  Please see the user manual for a more detailed explanation}, preserve=true aResultDetail=0
00:00:18.970111 DCon08   WARNING [COM]: aRC=NS_ERROR_FAILURE (0x80004005) aIID={d5dcece0-b202-4416-a138-03502784cc07} aComponent={HostWrap} aText={VirtualBox is not currently allowed to access USB devices.  You can change this by adding your user to the 'vboxusers' group.  Please see the user manual for a more detailed explanation}, preserve=true aResultDetail=0
00:00:18.978687 DCon08   ERROR [COM]: aRC=VBOX_E_OBJECT_NOT_FOUND (0x80bb0001) aIID={5bfd8965-b81b-469f-8649-f717ce97a5d5} aComponent={NvramStoreWrap} aText={The UEFI NVRAM file is not existing for this machine}, preserve=false aResultDetail=0
00:00:19.007051 DCon03   WARNING [COM]: aRC=NS_ERROR_FAILURE (0x80004005) aIID={d5dcece0-b202-4416-a138-03502784cc07} aComponent={HostWrap} aText={VirtualBox is not currently allowed to access USB devices.  You can change this by adding your user to the 'vboxusers' group.  Please see the user manual for a more detailed explanation}, preserve=true aResultDetail=0
00:00:19.043369 DCon03   WARNING [COM]: aRC=NS_ERROR_FAILURE (0x80004005) aIID={d5dcece0-b202-4416-a138-03502784cc07} aComponent={HostWrap} aText={VirtualBox is not currently allowed to access USB devices.  You can change this by adding your user to the 'vboxusers' group.  Please see the user manual for a more detailed explanation}, preserve=true aResultDetail=0
00:00:19.044129 DCon03   WARNING [COM]: aRC=NS_ERROR_FAILURE (0x80004005) aIID={d5dcece0-b202-4416-a138-03502784cc07} aComponent={HostWrap} aText={VirtualBox is not currently allowed to access USB devices.  You can change this by adding your user to the 'vboxusers' group.  Please see the user manual for a more detailed explanation}, preserve=true aResultDetail=0
00:00:19.045047 DCon03   ERROR [COM]: aRC=NS_ERROR_FAILURE (0x80004005) aIID={bea3ef5c-de2f-4b74-aa3a-15d6249371a0} aComponent={RecordingSettingsWrap} aText={Recording not started}, preserve=false aResultDetail=0
00:00:19.069776 DCon03   WARNING [COM]: aRC=NS_ERROR_FAILURE (0x80004005) aIID={d5dcece0-b202-4416-a138-03502784cc07} aComponent={HostWrap} aText={VirtualBox is not currently allowed to access USB devices.  You can change this by adding your user to the 'vboxusers' group.  Please see the user manual for a more detailed explanation}, preserve=true aResultDetail=0
00:00:19.123638 DCon03   ERROR [COM]: aRC=VBOX_E_OBJECT_NOT_FOUND (0x80bb0001) aIID={5bfd8965-b81b-469f-8649-f717ce97a5d5} aComponent={NvramStoreWrap} aText={The UEFI NVRAM file is not existing for this machine}, preserve=false aResultDetail=0
00:00:19.151745 DCon03   ERROR [COM]: aRC=VBOX_E_OBJECT_NOT_FOUND (0x80bb0001) aIID={7d510820-a678-4730-a862-818dcd3fbed0} aComponent={MediumWrap} aText={Property 'CRYPT/KeyId' does not exist}, preserve=false aResultDetail=0
00:00:19.153149 DCon03   HostDnsMonitorProxy::GetDomainName: no domain set
00:00:19.153255 DCon03   HostDnsMonitorProxy::GetNameServers:
00:00:19.153259 DCon03     name server 1: 10.64.0.1
00:00:19.153379 DCon03   HostDnsMonitorProxy::GetSearchStrings:
00:00:19.153383 DCon03     no search string entries
00:00:19.161921 DCon07   ERROR [COM]: aRC=VBOX_E_INVALID_VM_STATE (0x80bb0002) aIID={e36a5081-a82a-40bd-9e4e-42a44d6ce50f} aComponent={MachineWrap} aText={The machine is not mutable, saved or running (state is Restoring)}, preserve=false aResultDetail=0
00:00:19.214627 DCon07   WARNING [COM]: aRC=NS_ERROR_FAILURE (0x80004005) aIID={d5dcece0-b202-4416-a138-03502784cc07} aComponent={HostWrap} aText={VirtualBox is not currently allowed to access USB devices.  You can change this by adding your user to the 'vboxusers' group.  Please see the user manual for a more detailed explanation}, preserve=true aResultDetail=0
00:00:19.215614 DCon07   WARNING [COM]: aRC=NS_ERROR_FAILURE (0x80004005) aIID={d5dcece0-b202-4416-a138-03502784cc07} aComponent={HostWrap} aText={VirtualBox is not currently allowed to access USB devices.  You can change this by adding your user to the 'vboxusers' group.  Please see the user manual for a more detailed explanation}, preserve=true aResultDetail=0
00:00:19.354972 DCon07   Saving settings file "/home/dizzy/.config/VirtualBox/VirtualBox.xml" with version "1.12-linux"
00:00:19.361769 DCon07   Finished saving settings file "/home/dizzy/.config/VirtualBox/VirtualBox.xml"
00:00:24.996638 DCon08   Saving settings file "/home/dizzy/VirtualBox VMs/Ubuntu_Signal_1/Ubuntu_Signal_1.vbox" with version "1.19-linux"
00:00:25.004138 DCon08   Finished saving settings file "/home/dizzy/VirtualBox VMs/Ubuntu_Signal_1/Ubuntu_Signal_1.vbox"
00:00:25.024025 DCon10   WARNING [COM]: aRC=NS_ERROR_FAILURE (0x80004005) aIID={d5dcece0-b202-4416-a138-03502784cc07} aComponent={HostWrap} aText={VirtualBox is not currently allowed to access USB devices.  You can change this by adding your user to the 'vboxusers' group.  Please see the user manual for a more detailed explanation}, preserve=true aResultDetail=0
00:00:25.025409 DCon03   WARNING [COM]: aRC=NS_ERROR_FAILURE (0x80004005) aIID={d5dcece0-b202-4416-a138-03502784cc07} aComponent={HostWrap} aText={VirtualBox is not currently allowed to access USB devices.  You can change this by adding your user to the 'vboxusers' group.  Please see the user manual for a more detailed explanation}, preserve=true aResultDetail=0
00:00:25.027220 DCon03   ERROR [COM]: aRC=NS_ERROR_FAILURE (0x80004005) aIID={bea3ef5c-de2f-4b74-aa3a-15d6249371a0} aComponent={RecordingSettingsWrap} aText={Recording not started}, preserve=false aResultDetail=0
00:00:25.045574 DCon03   WARNING [COM]: aRC=NS_ERROR_FAILURE (0x80004005) aIID={d5dcece0-b202-4416-a138-03502784cc07} aComponent={HostWrap} aText={VirtualBox is not currently allowed to access USB devices.  You can change this by adding your user to the 'vboxusers' group.  Please see the user manual for a more detailed explanation}, preserve=true aResultDetail=0
00:00:25.087310 DCon03   ERROR [COM]: aRC=VBOX_E_OBJECT_NOT_FOUND (0x80bb0001) aIID={5bfd8965-b81b-469f-8649-f717ce97a5d5} aComponent={NvramStoreWrap} aText={The UEFI NVRAM file is not existing for this machine}, preserve=false aResultDetail=0
00:00:25.112073 DCon03   ERROR [COM]: aRC=VBOX_E_INVALID_VM_STATE (0x80bb0002) aIID={e36a5081-a82a-40bd-9e4e-42a44d6ce50f} aComponent={MachineWrap} aText={The machine is not mutable, saved or running (state is Running)}, preserve=false aResultDetail=0
00:00:25.154161 DCon03   WARNING [COM]: aRC=NS_ERROR_FAILURE (0x80004005) aIID={d5dcece0-b202-4416-a138-03502784cc07} aComponent={HostWrap} aText={VirtualBox is not currently allowed to access USB devices.  You can change this by adding your user to the 'vboxusers' group.  Please see the user manual for a more detailed explanation}, preserve=true aResultDetail=0
00:00:25.155507 DCon03   WARNING [COM]: aRC=NS_ERROR_FAILURE (0x80004005) aIID={d5dcece0-b202-4416-a138-03502784cc07} aComponent={HostWrap} aText={VirtualBox is not currently allowed to access USB devices.  You can change this by adding your user to the 'vboxusers' group.  Please see the user manual for a more detailed explanation}, preserve=true aResultDetail=0
00:01:45.183271 DCon12   ERROR [COM]: aRC=NS_ERROR_FAILURE (0x80004005) aIID={925084b0-625f-422f-a67d-0ede1880a56c} aComponent={SystemPropertiesWrap} aText={Cannot determine default Guest Additions ISO location. Most likely they are not available}, preserve=false aResultDetail=0
00:02:01.873118 DCon04   Saving settings file "/home/dizzy/.config/VirtualBox/VirtualBox.xml" with version "1.12-linux"
00:02:01.876980 DCon04   Finished saving settings file "/home/dizzy/.config/VirtualBox/VirtualBox.xml"
00:02:01.877497 DCon04   Saving settings file "/home/dizzy/VirtualBox VMs/Ubuntu_Signal_1/Ubuntu_Signal_1.vbox" with version "1.19-linux"
00:02:01.881464 DCon04   Finished saving settings file "/home/dizzy/VirtualBox VMs/Ubuntu_Signal_1/Ubuntu_Signal_1.vbox"
00:06:05.505888 DCon22   ERROR [COM]: aRC=NS_ERROR_FAILURE (0x80004005) aIID={925084b0-625f-422f-a67d-0ede1880a56c} aComponent={SystemPropertiesWrap} aText={Cannot determine default Guest Additions ISO location. Most likely they are not available}, preserve=false aResultDetail=0
00:06:05.517286 DCon22   Saving settings file "/home/dizzy/VirtualBox VMs/Ubuntu_Signal_1/Ubuntu_Signal_1.vbox" with version "1.19-linux"
00:06:05.526715 DCon22   Finished saving settings file "/home/dizzy/VirtualBox VMs/Ubuntu_Signal_1/Ubuntu_Signal_1.vbox"
00:06:21.915046 DCon22   ERROR [COM]: aRC=NS_ERROR_FAILURE (0x80004005) aIID={925084b0-625f-422f-a67d-0ede1880a56c} aComponent={SystemPropertiesWrap} aText={Cannot determine default Guest Additions ISO location. Most likely they are not available}, preserve=false aResultDetail=0
00:06:21.925580 DCon22   Saving settings file "/home/dizzy/VirtualBox VMs/Ubuntu_Signal_1/Ubuntu_Signal_1.vbox" with version "1.19-linux"
00:06:21.934704 DCon22   Finished saving settings file "/home/dizzy/VirtualBox VMs/Ubuntu_Signal_1/Ubuntu_Signal_1.vbox"
00:07:06.227381 DCon26   WARNING [COM]: aRC=NS_ERROR_FAILURE (0x80004005) aIID={d5dcece0-b202-4416-a138-03502784cc07} aComponent={HostWrap} aText={VirtualBox is not currently allowed to access USB devices.  You can change this by adding your user to the 'vboxusers' group.  Please see the user manual for a more detailed explanation}, preserve=true aResultDetail=0
00:07:06.231636 DCon24   WARNING [COM]: aRC=NS_ERROR_FAILURE (0x80004005) aIID={d5dcece0-b202-4416-a138-03502784cc07} aComponent={HostWrap} aText={VirtualBox is not currently allowed to access USB devices.  You can change this by adding your user to the 'vboxusers' group.  Please see the user manual for a more detailed explanation}, preserve=false aResultDetail=0
00:07:06.382879 DCon27   ERROR [COM]: aRC=VBOX_E_OBJECT_NOT_FOUND (0x80bb0001) aIID={5bfd8965-b81b-469f-8649-f717ce97a5d5} aComponent={NvramStoreWrap} aText={The UEFI NVRAM file is not existing for this machine}, preserve=false aResultDetail=0
00:07:06.576490 DCon28   ERROR [COM]: aRC=VBOX_E_INVALID_VM_STATE (0x80bb0002) aIID={e36a5081-a82a-40bd-9e4e-42a44d6ce50f} aComponent={MachineWrap} aText={The machine is not mutable, saved or running (state is Running)}, preserve=false aResultDetail=0
00:07:06.637711 DCon24   WARNING [COM]: aRC=NS_ERROR_FAILURE (0x80004005) aIID={d5dcece0-b202-4416-a138-03502784cc07} aComponent={HostWrap} aText={VirtualBox is not currently allowed to access USB devices.  You can change this by adding your user to the 'vboxusers' group.  Please see the user manual for a more detailed explanation}, preserve=true aResultDetail=0
00:07:06.639033 DCon28   WARNING [COM]: aRC=NS_ERROR_FAILURE (0x80004005) aIID={d5dcece0-b202-4416-a138-03502784cc07} aComponent={HostWrap} aText={VirtualBox is not currently allowed to access USB devices.  You can change this by adding your user to the 'vboxusers' group.  Please see the user manual for a more detailed explanation}, preserve=true aResultDetail=0
00:07:06.726236 DCon24   Saving settings file "/home/dizzy/.config/VirtualBox/VirtualBox.xml" with version "1.12-linux"
00:07:06.735072 DCon24   Finished saving settings file "/home/dizzy/.config/VirtualBox/VirtualBox.xml"
00:07:11.957878 DCon22   Saving settings file "/home/dizzy/.config/VirtualBox/VirtualBox.xml" with version "1.12-linux"
00:07:11.966250 DCon22   Finished saving settings file "/home/dizzy/.config/VirtualBox/VirtualBox.xml"
00:15:10.576259 DCon38   Saving settings file "/home/dizzy/VirtualBox VMs/Ubuntu_Signal_1/Ubuntu_Signal_1.vbox" with version "1.19-linux"
00:15:10.580703 DCon38   Finished saving settings file "/home/dizzy/VirtualBox VMs/Ubuntu_Signal_1/Ubuntu_Signal_1.vbox"
00:15:10.694678 DCon27   ERROR [COM]: aRC=VBOX_E_OBJECT_NOT_FOUND (0x80bb0001) aIID={5bfd8965-b81b-469f-8649-f717ce97a5d5} aComponent={NvramStoreWrap} aText={The UEFI NVRAM file is not existing for this machine}, preserve=false aResultDetail=0
00:15:10.708104 DCon42   ERROR [COM]: aRC=VBOX_E_INVALID_VM_STATE (0x80bb0002) aIID={e36a5081-a82a-40bd-9e4e-42a44d6ce50f} aComponent={MachineWrap} aText={The machine is not mutable, saved or running (state is Running)}, preserve=false aResultDetail=0
00:15:10.719359 DCon42   WARNING [COM]: aRC=NS_ERROR_FAILURE (0x80004005) aIID={d5dcece0-b202-4416-a138-03502784cc07} aComponent={HostWrap} aText={VirtualBox is not currently allowed to access USB devices.  You can change this by adding your user to the 'vboxusers' group.  Please see the user manual for a more detailed explanation}, preserve=true aResultDetail=0
00:15:10.720315 DCon42   WARNING [COM]: aRC=NS_ERROR_FAILURE (0x80004005) aIID={d5dcece0-b202-4416-a138-03502784cc07} aComponent={HostWrap} aText={VirtualBox is not currently allowed to access USB devices.  You can change this by adding your user to the 'vboxusers' group.  Please see the user manual for a more detailed explanation}, preserve=true aResultDetail=0
00:15:10.955052 DCon27   Saving settings file "/home/dizzy/.config/VirtualBox/VirtualBox.xml" with version "1.12-linux"
00:15:10.958578 DCon27   Finished saving settings file "/home/dizzy/.config/VirtualBox/VirtualBox.xml"
00:15:40.784193 DCon29   WARNING [COM]: aRC=NS_ERROR_FAILURE (0x80004005) aIID={d5dcece0-b202-4416-a138-03502784cc07} aComponent={HostWrap} aText={VirtualBox is not currently allowed to access USB devices.  You can change this by adding your user to the 'vboxusers' group.  Please see the user manual for a more detailed explanation}, preserve=true aResultDetail=0
00:15:40.785194 DCon29   WARNING [COM]: aRC=NS_ERROR_FAILURE (0x80004005) aIID={d5dcece0-b202-4416-a138-03502784cc07} aComponent={HostWrap} aText={VirtualBox is not currently allowed to access USB devices.  You can change this by adding your user to the 'vboxusers' group.  Please see the user manual for a more detailed explanation}, preserve=true aResultDetail=0
00:15:40.790355 DCon29   ERROR [COM]: aRC=NS_ERROR_FAILURE (0x80004005) aIID={bea3ef5c-de2f-4b74-aa3a-15d6249371a0} aComponent={RecordingSettingsWrap} aText={Recording not started}, preserve=false aResultDetail=0
00:15:40.831348 DCon28   Saving settings file "/home/dizzy/VirtualBox VMs/Ubuntu_Signal_1/Ubuntu_Signal_1.vbox" with version "1.19-linux"
00:15:40.841582 DCon28   Finished saving settings file "/home/dizzy/VirtualBox VMs/Ubuntu_Signal_1/Ubuntu_Signal_1.vbox"
00:15:40.852456 DCon28   ERROR [COM]: aRC=VBOX_E_OBJECT_NOT_FOUND (0x80bb0001) aIID={5bfd8965-b81b-469f-8649-f717ce97a5d5} aComponent={NvramStoreWrap} aText={The UEFI NVRAM file is not existing for this machine}, preserve=false aResultDetail=0
00:15:40.925122 DCon28   ERROR [COM]: aRC=VBOX_E_INVALID_VM_STATE (0x80bb0002) aIID={e36a5081-a82a-40bd-9e4e-42a44d6ce50f} aComponent={MachineWrap} aText={The machine is not mutable, saved or running (state is Running)}, preserve=false aResultDetail=0
00:15:40.935718 DCon28   WARNING [COM]: aRC=NS_ERROR_FAILURE (0x80004005) aIID={d5dcece0-b202-4416-a138-03502784cc07} aComponent={HostWrap} aText={VirtualBox is not currently allowed to access USB devices.  You can change this by adding your user to the 'vboxusers' group.  Please see the user manual for a more detailed explanation}, preserve=true aResultDetail=0
00:15:40.936711 DCon28   WARNING [COM]: aRC=NS_ERROR_FAILURE (0x80004005) aIID={d5dcece0-b202-4416-a138-03502784cc07} aComponent={HostWrap} aText={VirtualBox is not currently allowed to access USB devices.  You can change this by adding your user to the 'vboxusers' group.  Please see the user manual for a more detailed explanation}, preserve=true aResultDetail=0
00:16:19.907701 DCon27   Saving settings file "/home/dizzy/VirtualBox VMs/Ubuntu_Signal_1/Ubuntu_Signal_1.vbox" with version "1.19-linux"
00:16:19.912499 DCon27   Finished saving settings file "/home/dizzy/VirtualBox VMs/Ubuntu_Signal_1/Ubuntu_Signal_1.vbox"
00:39:16.343976 DCon79   Saving settings file "/home/dizzy/VirtualBox VMs/Ubuntu_Signal_1/Ubuntu_Signal_1.vbox" with version "1.19-linux"
00:39:16.348575 DCon79   Finished saving settings file "/home/dizzy/VirtualBox VMs/Ubuntu_Signal_1/Ubuntu_Signal_1.vbox"
01:06:22.458589 DCon85   Saving settings file "/home/dizzy/VirtualBox VMs/Ubuntu_Signal_1/Ubuntu_Signal_1.vbox" with version "1.19-linux"
01:06:22.464523 DCon85   Finished saving settings file "/home/dizzy/VirtualBox VMs/Ubuntu_Signal_1/Ubuntu_Signal_1.vbox"
01:06:22.593908 SaveState Saving settings file "/home/dizzy/VirtualBox VMs/Ubuntu_Signal_1/Ubuntu_Signal_1.vbox" with version "1.19-linux"
01:06:22.600799 SaveState Finished saving settings file "/home/dizzy/VirtualBox VMs/Ubuntu_Signal_1/Ubuntu_Signal_1.vbox"
01:06:22.604619 DCon85   ERROR [COM]: aRC=NS_ERROR_INVALID_ARG (0x80070057) aIID={e36a5081-a82a-40bd-9e4e-42a44d6ce50f} aComponent={SessionMachine} aText={Properties with TRANSIENT or TRANSRESET flag cannot be set or modified if VM is not running}, preserve=false aResultDetail=0
01:06:28.997427 main     VirtualBox: object deletion starts
01:06:28.997543 main     ERROR [COM]: aRC=VBOX_E_OBJECT_IN_USE (0x80bb000c) aIID={7d510820-a678-4730-a862-818dcd3fbed0} aComponent={MediumWrap} aText={Medium '/home/dizzy/VirtualBox VMs/Kali Linux/Kali Linux.vdi' cannot be closed because it is still attached to 1 virtual machines}, preserve=false aResultDetail=0
01:06:28.997946 main     ERROR [COM]: aRC=VBOX_E_OBJECT_IN_USE (0x80bb000c) aIID={7d510820-a678-4730-a862-818dcd3fbed0} aComponent={MediumWrap} aText={Medium '/home/dizzy/VirtualBox VMs/Ubuntu_Signal_1/Ubuntu_Signal_1.vdi' cannot be closed because it is still attached to 1 virtual machines}, preserve=false aResultDetail=0
01:06:28.999180 main     HostDnsMonitor: shutting down ...
01:06:28.999789 main     HostDnsMonitor: shut down
01:06:29.011914 Watcher  ERROR [COM]: aRC=E_ACCESSDENIED (0x80070005) aIID={d644ad1e-c501-4fc7-9ab6-aa6d763bc540} aComponent={VirtualBoxWrap} aText={The object is not ready}, preserve=false aResultDetail=0
01:06:29.012088 main     VirtualBox: object deleted
